"../../../../../../Data/Projekte/VRBrowser/MatheTiger/Content/Geometry/Meshes/CubeMaterial.uasset" 0
"../../../../../../Data/Projekte/VRBrowser/MatheTiger/Content/Geometry/Meshes/1M_Cube_Chamfer.uasset" 1
"../../../../../../Data/Projekte/VRBrowser/MatheTiger/Content/Geometry/Meshes/TemplateFloor.uasset" 2
"../../../../../../Data/Projekte/VRBrowser/MatheTiger/Content/IngameBrowser/Material.uasset" 3
"../../../../../../Data/Projekte/VRBrowser/MatheTiger/Content/StarterContent/Textures/T_Rock_Slate_N.uasset" 4
"../../../../../../Data/Projekte/VRBrowser/MatheTiger/Content/StarterContent/Textures/T_Rock_Slate_D.uasset" 5
"../../../../../../Data/Projekte/VRBrowser/MatheTiger/Content/StarterContent/Textures/T_Perlin_Noise_M.uasset" 6
"../../../../../../Data/Projekte/VRBrowser/MatheTiger/Content/StarterContent/Textures/T_MacroVariation.uasset" 7
"../../../../../../Data/Projekte/VRBrowser/MatheTiger/Content/StarterContent/Materials/M_Rock_Slate.uasset" 8
"../../../../../../Data/Projekte/VRBrowser/MatheTiger/Content/IngameBrowser/UglyPCMonitor.uasset" 9
"../../../../../../Data/Projekte/VRBrowser/MatheTiger/Content/StarterContent/Materials/M_Basic_Wall.uasset" 10
"../../../../../../Data/Projekte/VRBrowser/MatheTiger/Content/StarterContent/Architecture/Pillar_50x500.uasset" 11
"../../../../../../Data/Projekte/VRBrowser/MatheTiger/Content/StarterContent/Architecture/Wall_400x300.uasset" 12
"../../../../../../Data/Projekte/VRBrowser/MatheTiger/Content/StarterContent/Architecture/Wall_400x400.uasset" 13
"../../../../../../Data/Projekte/VRBrowser/MatheTiger/Content/StarterContent/Architecture/Wall_500x500.uasset" 14
"../../../../../../Data/Projekte/VRBrowser/MatheTiger/Content/StarterContent/Architecture/Wall_Door_400x400.uasset" 15
"../../../../../../Data/Projekte/VRBrowser/MatheTiger/Content/StarterContent/Architecture/Wall_Window_400x400.uasset" 16
"../../../../../../Data/Projekte/VRBrowser/MatheTiger/Content/StarterContent/Audio/Collapse01.uasset" 17
"../../../../../../Data/Projekte/VRBrowser/MatheTiger/Content/StarterContent/Audio/Collapse02.uasset" 18
"../../../../../../Data/Projekte/VRBrowser/MatheTiger/Content/StarterContent/Audio/Explosion01.uasset" 19
"../../../../../../Data/Projekte/VRBrowser/MatheTiger/Content/StarterContent/Audio/Explosion02.uasset" 20
"../../../../../../Data/Projekte/VRBrowser/MatheTiger/Content/StarterContent/Audio/Fire01.uasset" 21
"../../../../../../Data/Projekte/VRBrowser/MatheTiger/Content/StarterContent/Audio/Fire_Sparks01.uasset" 22
"../../../../../../Data/Projekte/VRBrowser/MatheTiger/Content/StarterContent/Audio/Light01.uasset" 23
"../../../../../../Data/Projekte/VRBrowser/MatheTiger/Content/StarterContent/Audio/Light01_Cue.uasset" 24
"../../../../../../Data/Projekte/VRBrowser/MatheTiger/Content/StarterContent/Audio/Light02.uasset" 25
"../../../../../../Data/Projekte/VRBrowser/MatheTiger/Content/StarterContent/Audio/Light02_Cue.uasset" 26
"../../../../../../Data/Projekte/VRBrowser/MatheTiger/Content/StarterContent/Audio/Smoke01.uasset" 27
"../../../../../../Data/Projekte/VRBrowser/MatheTiger/Content/StarterContent/Audio/Starter_Birds01.uasset" 28
"../../../../../../Data/Projekte/VRBrowser/MatheTiger/Content/StarterContent/Audio/Starter_Music01.uasset" 29
"../../../../../../Data/Projekte/VRBrowser/MatheTiger/Content/StarterContent/Audio/Starter_Wind05.uasset" 30
"../../../../../../Data/Projekte/VRBrowser/MatheTiger/Content/StarterContent/Audio/Starter_Wind06.uasset" 31
"../../../../../../Data/Projekte/VRBrowser/MatheTiger/Content/StarterContent/Audio/Steam01.uasset" 32
"../../../../../../Data/Projekte/VRBrowser/MatheTiger/Content/StarterContent/Textures/T_Smoke_Tiled_D.uasset" 33
"../../../../../../Data/Projekte/VRBrowser/MatheTiger/Content/StarterContent/Textures/T_Smoke_SubUV.uasset" 34
"../../../../../../Data/Projekte/VRBrowser/MatheTiger/Content/StarterContent/Particles/Materials/M_smoke_subUV.uasset" 35
"../../../Engine/Content/Functions/Engine_MaterialFunctions01/Gradient/RadialGradient.uasset" 36
"../../../../../../Data/Projekte/VRBrowser/MatheTiger/Content/StarterContent/Particles/Materials/M_radial_ramp.uasset" 37
"../../../../../../Data/Projekte/VRBrowser/MatheTiger/Content/StarterContent/Particles/Materials/m_flare_01.uasset" 38
"../../../../../../Data/Projekte/VRBrowser/MatheTiger/Content/StarterContent/Textures/T_Explosion_SubUV.uasset" 39
"../../../../../../Data/Projekte/VRBrowser/MatheTiger/Content/StarterContent/Particles/Materials/M_explosion_subUV.uasset" 40
"../../../../../../Data/Projekte/VRBrowser/MatheTiger/Content/StarterContent/Textures/T_Burst_M.uasset" 41
"../../../../../../Data/Projekte/VRBrowser/MatheTiger/Content/StarterContent/Particles/Materials/M_Burst.uasset" 42
"../../../../../../Data/Projekte/VRBrowser/MatheTiger/Content/StarterContent/Particles/P_Explosion.uasset" 43
"../../../../../../Data/Projekte/VRBrowser/MatheTiger/Content/StarterContent/Audio/Explosion_Cue.uasset" 44
"../../../../../../Data/Projekte/VRBrowser/MatheTiger/Content/StarterContent/Blueprints/Blueprint_Effect_Explosion.uasset" 45
"../../../Engine/Content/EditorMeshes/ColorCalibrator/T_ColorGrid.uasset" 46
"../../../../../../Data/Projekte/VRBrowser/MatheTiger/Content/StarterContent/Materials/M_ColorGrid_LowSpec.uasset" 47
"../../../../../../Data/Projekte/VRBrowser/MatheTiger/Content/StarterContent/Textures/T_Bush_N.uasset" 48
"../../../../../../Data/Projekte/VRBrowser/MatheTiger/Content/StarterContent/Textures/T_Bush_D.uasset" 49
"../../../../../../Data/Projekte/VRBrowser/MatheTiger/Content/StarterContent/Props/Materials/M_Bush.uasset" 50
"../../../../../../Data/Projekte/VRBrowser/MatheTiger/Content/StarterContent/Props/SM_Bush.uasset" 51
"../../../../../../Data/Projekte/VRBrowser/MatheTiger/Content/StarterContent/Textures/T_Chair_N.uasset" 52
"../../../../../../Data/Projekte/VRBrowser/MatheTiger/Content/StarterContent/Textures/T_Chair_M.uasset" 53
"../../../../../../Data/Projekte/VRBrowser/MatheTiger/Content/StarterContent/Props/Materials/M_Chair.uasset" 54
"../../../../../../Data/Projekte/VRBrowser/MatheTiger/Content/StarterContent/Props/SM_Couch.uasset" 55
"../../../../../../Data/Projekte/VRBrowser/MatheTiger/Content/StarterContent/Materials/M_Glass.uasset" 56
"../../../../../../Data/Projekte/VRBrowser/MatheTiger/Content/StarterContent/Textures/T_Door_N.uasset" 57
"../../../../../../Data/Projekte/VRBrowser/MatheTiger/Content/StarterContent/Textures/T_Door_M.uasset" 58
"../../../../../../Data/Projekte/VRBrowser/MatheTiger/Content/StarterContent/Props/Materials/M_Door.uasset" 59
"../../../../../../Data/Projekte/VRBrowser/MatheTiger/Content/StarterContent/Props/SM_Door.uasset" 60
"../../../../../../Data/Projekte/VRBrowser/MatheTiger/Content/StarterContent/Props/Materials/M_MaterialSphere_Plain.uasset" 61
"../../../../../../Data/Projekte/VRBrowser/MatheTiger/Content/StarterContent/Props/Materials/M_MaterialSphere.uasset" 62
"../../../../../../Data/Projekte/VRBrowser/MatheTiger/Content/StarterContent/Props/SM_MatPreviewMesh_02.uasset" 63
"../../../../../../Data/Projekte/VRBrowser/MatheTiger/Content/StarterContent/Textures/T_Rock_Basalt_D.uasset" 64
"../../../Engine/Content/Functions/Engine_MaterialFunctions02/Utility/BlendAngleCorrectedNormals.uasset" 65
"../../../../../../Data/Projekte/VRBrowser/MatheTiger/Content/StarterContent/Textures/T_RockMesh_N.uasset" 66
"../../../../../../Data/Projekte/VRBrowser/MatheTiger/Content/StarterContent/Textures/T_RockMesh_M.uasset" 67
"../../../../../../Data/Projekte/VRBrowser/MatheTiger/Content/StarterContent/Textures/T_Detail_Rocky_N.uasset" 68
"../../../../../../Data/Projekte/VRBrowser/MatheTiger/Content/StarterContent/Props/Materials/M_Rock.uasset" 69
"../../../../../../Data/Projekte/VRBrowser/MatheTiger/Content/StarterContent/Props/SM_Rock.uasset" 70
"../../../../../../Data/Projekte/VRBrowser/MatheTiger/Content/StarterContent/Textures/T_Shelf_N.uasset" 71
"../../../../../../Data/Projekte/VRBrowser/MatheTiger/Content/StarterContent/Textures/T_Shelf_M.uasset" 72
"../../../../../../Data/Projekte/VRBrowser/MatheTiger/Content/StarterContent/Props/Materials/M_Shelf.uasset" 73
"../../../../../../Data/Projekte/VRBrowser/MatheTiger/Content/StarterContent/Props/SM_Shelf.uasset" 74
"../../../../../../Data/Projekte/VRBrowser/MatheTiger/Content/StarterContent/Materials/M_Basic_Floor.uasset" 75
"../../../../../../Data/Projekte/VRBrowser/MatheTiger/Content/StarterContent/Props/SM_Stairs.uasset" 76
"../../../../../../Data/Projekte/VRBrowser/MatheTiger/Content/StarterContent/Shapes/Shape_Cone.uasset" 77
"../../../../../../Data/Projekte/VRBrowser/MatheTiger/Content/StarterContent/Shapes/Shape_Cylinder.uasset" 78
"../../../../../../Data/Projekte/VRBrowser/MatheTiger/Content/StarterContent/Shapes/Shape_NarrowCapsule.uasset" 79
"../../../../../../Data/Projekte/VRBrowser/MatheTiger/Content/StarterContent/Shapes/Shape_Pipe.uasset" 80
"../../../../../../Data/Projekte/VRBrowser/MatheTiger/Content/StarterContent/Shapes/Shape_Pipe_180.uasset" 81
"../../../../../../Data/Projekte/VRBrowser/MatheTiger/Content/StarterContent/Shapes/Shape_Pipe_90.uasset" 82
"../../../../../../Data/Projekte/VRBrowser/MatheTiger/Content/StarterContent/Shapes/Shape_Plane.uasset" 83
"../../../../../../Data/Projekte/VRBrowser/MatheTiger/Content/StarterContent/Shapes/Shape_Torus.uasset" 84
"../../../../../../Data/Projekte/VRBrowser/MatheTiger/Content/StarterContent/Shapes/Shape_Trim.uasset" 85
"../../../../../../Data/Projekte/VRBrowser/MatheTiger/Content/StarterContent/Shapes/Shape_Trim_90_In.uasset" 86
"../../../../../../Data/Projekte/VRBrowser/MatheTiger/Content/StarterContent/Shapes/Shape_Trim_90_Out.uasset" 87
"../../../../../../Data/Projekte/VRBrowser/MatheTiger/Content/StarterContent/Shapes/Shape_TriPyramid.uasset" 88
"../../../../../../Data/Projekte/VRBrowser/MatheTiger/Content/StarterContent/Shapes/Shape_Tube.uasset" 89
"../../../../../../Data/Projekte/VRBrowser/MatheTiger/Content/StarterContent/Shapes/Shape_Wedge_A.uasset" 90
"../../../../../../Data/Projekte/VRBrowser/MatheTiger/Content/StarterContent/Shapes/Shape_Wedge_B.uasset" 91
"../../../../../../Data/Projekte/VRBrowser/MatheTiger/Content/StarterContent/Shapes/Shape_WideCapsule.uasset" 92
"../../../Engine/Content/Animation/DefaultAnimBoneCompressionSettings.uasset" 93
"../../../Engine/Content/Animation/DefaultAnimCurveCompressionSettings.uasset" 94
"../../../Engine/Content/Functions/Engine_MaterialFunctions01/Opacity/CameraDepthFade.uasset" 95
"../../../Engine/Content/EngineMaterials/T_Default_Material_Grid_N.uasset" 96
"../../../Engine/Content/EngineMaterials/T_Default_Material_Grid_M.uasset" 97
"../../../Engine/Content/EngineMaterials/WorldGridMaterial.uasset" 98
"../../../Engine/Content/ArtTools/RenderToTexture/Meshes/S_1_Unit_Plane.uasset" 99
"../../../Engine/Content/EngineMaterials/DefaultMaterial.uasset" 100
"../../../Engine/Content/BasicShapes/Cone.uasset" 101
"../../../Engine/Content/BasicShapes/Cube.uasset" 102
"../../../Engine/Content/BasicShapes/Plane.uasset" 103
"../../../Engine/Content/EditorLandscapeResources/DataLayer.uasset" 104
"../../../Engine/Content/EditorLandscapeResources/DefaultAlphaTexture.uasset" 105
"../../../Engine/Content/EditorMaterials/MAT_Groups_Toggle.uasset" 106
"../../../Engine/Content/EditorMaterials/MAT_Groups_Visibility.uasset" 107
"../../../Engine/Content/EditorMaterials/PreviewShadowIndicator.uasset" 108
"../../../Engine/Content/EditorMaterials/PreviewShadowIndicatorMaterial.uasset" 109
"../../../Engine/Content/EditorMaterials/MatineeGroups/MAT_ColorTrack.uasset" 110
"../../../Engine/Content/EditorMaterials/MatineeGroups/MAT_Groups_Anim.uasset" 111
"../../../Engine/Content/EditorMaterials/MatineeGroups/MAT_Groups_AudioMaster.uasset" 112
"../../../Engine/Content/EditorMaterials/MatineeGroups/MAT_Groups_Director.uasset" 113
"../../../Engine/Content/EditorMaterials/MatineeGroups/MAT_Groups_Event.uasset" 114
"../../../Engine/Content/EditorMaterials/MatineeGroups/MAT_Groups_Fade.uasset" 115
"../../../Engine/Content/EditorMaterials/MatineeGroups/MAT_Groups_Float.uasset" 116
"../../../Engine/Content/EditorMaterials/MatineeGroups/MAT_Groups_Move.uasset" 117
"../../../Engine/Content/EditorMaterials/MatineeGroups/MAT_Groups_Slomo.uasset" 118
"../../../Engine/Content/EditorMaterials/MatineeGroups/MAT_Groups_Sound.uasset" 119
"../../../Engine/Content/EditorMaterials/MatineeGroups/MAT_Groups_Vector.uasset" 120
"../../../Engine/Content/EditorMaterials/ParticleSystems/PSysThumbnail_NoImage.uasset" 121
"../../../Engine/Content/EditorMaterials/ParticleSystems/PSysThumbnail_OOD.uasset" 122
"../../../Engine/Content/EditorMaterials/Camera/CineMat.uasset" 123
"../../../Engine/Content/EditorMaterials/Camera/MI_CineMat_Rig.uasset" 124
"../../../Engine/Content/EditorMeshes/Camera/SM_CraneRig_Arm.uasset" 125
"../../../Engine/Content/EditorMeshes/Camera/SM_CraneRig_Base.uasset" 126
"../../../Engine/Content/EditorMeshes/Camera/SM_CraneRig_Body.uasset" 127
"../../../Engine/Content/EditorMeshes/Camera/SM_CraneRig_Mount.uasset" 128
"../../../Engine/Content/EditorMeshes/Camera/SM_RailRig_Mount.uasset" 129
"../../../Engine/Content/EditorMeshes/Camera/SM_RailRig_Track.uasset" 130
"../../../Engine/Content/EditorResources/BSPVertex.uasset" 131
"../../../Engine/Content/EditorResources/EmptyActor.uasset" 132
"../../../Engine/Content/EditorResources/S_Actor.uasset" 133
"../../../Engine/Content/EditorResources/S_Note.uasset" 134
"../../../Engine/Content/EditorResources/S_Solver.uasset" 135
"../../../Engine/Content/EditorResources/S_Terrain.uasset" 136
"../../../Engine/Content/EditorResources/S_Trigger.uasset" 137
"../../../Engine/Content/EditorResources/AudioIcons/S_AudioComponent.uasset" 138
"../../../Engine/Content/EditorResources/AudioIcons/S_AudioComponent_AutoActivate.uasset" 139
"../../../Engine/Content/EditorResources/LightIcons/S_LightError.uasset" 140
"../../../Engine/Content/EditorResources/SequenceRecorder/Countdown.uasset" 141
"../../../Engine/Content/EditorResources/SequenceRecorder/RecordingIndicator.uasset" 142
"../../../Engine/Content/EngineDamageTypes/DmgTypeBP_Environmental.uasset" 143
"../../../Engine/Content/EngineDebugMaterials/DebugEditorMaterial.uasset" 144
"../../../Engine/Content/EngineDebugMaterials/DebugMeshMaterial.uasset" 145
"../../../Engine/Content/EngineDebugMaterials/M_SimpleUnlitTranslucent.uasset" 146
"../../../Engine/Content/Functions/Engine_MaterialFunctions02/Utility/CameraDirectionVector.uasset" 147
"../../../Engine/Content/EngineDebugMaterials/VolumeToRender.uasset" 148
"../../../Engine/Content/EngineDebugMaterials/M_VolumeRenderSphereTracePP.uasset" 149
"../../../Engine/Content/Functions/Engine_MaterialFunctions01/Shading/ConvertFromDiffSpec.uasset" 150
"../../../Engine/Content/EngineDebugMaterials/VertexColorMaterial.uasset" 151
"../../../Engine/Content/EngineDebugMaterials/WireframeMaterial.uasset" 152
"../../../Engine/Content/EngineFonts/Faces/DroidSansFallback.uasset" 153
"../../../Engine/Content/EngineFonts/Faces/RobotoRegular.uasset" 154
"../../../Engine/Content/EngineFonts/Faces/RobotoLight.uasset" 155
"../../../Engine/Content/EngineFonts/Faces/RobotoItalic.uasset" 156
"../../../Engine/Content/EngineFonts/Faces/RobotoBoldItalic.uasset" 157
"../../../Engine/Content/EngineFonts/Faces/RobotoBold.uasset" 158
"../../../Engine/Content/EngineFonts/Roboto.uasset" 159
"../../../Engine/Content/EngineMaterials/BaseFlattenNormalMap.uasset" 160
"../../../Engine/Content/EngineMaterials/BaseFlattenGrayscaleMap.uasset" 161
"../../../Engine/Content/EngineMaterials/BaseFlattenEmissiveMap.uasset" 162
"../../../Engine/Content/EngineMaterials/BaseFlattenDiffuseMap.uasset" 163
"../../../Engine/Content/EngineMaterials/BaseFlattenMaterial.uasset" 164
"../../../Engine/Content/EngineMaterials/BlueNoise.uasset" 165
"../../../Engine/Content/EngineMaterials/DefaultBloomKernel.uasset" 166
"../../../Engine/Content/EngineMaterials/DefaultBokeh.uasset" 167
"../../../Engine/Content/EngineMaterials/DefaultDiffuse.uasset" 168
"../../../Engine/Content/EngineMaterials/DefaultDeferredDecalMaterial.uasset" 169
"../../../Engine/Content/EngineMaterials/DefaultLightFunctionMaterial.uasset" 170
"../../../Engine/Content/EngineMaterials/DefaultPhysicalMaterial.uasset" 171
"../../../Engine/Content/Functions/Engine_MaterialFunctions02/Utility/BreakOutFloat2Components.uasset" 172
"../../../Engine/Content/EngineMaterials/DefaultPostProcessMaterial.uasset" 173
"../../../Engine/Content/EngineFonts/RobotoDistanceField.uasset" 174
"../../../Engine/Content/EngineMaterials/DefaultTextMaterialOpaque.uasset" 175
"../../../Engine/Content/EngineMaterials/DefaultWhiteGrid.uasset" 176
"../../../Engine/Content/EngineMaterials/DefaultWhiteGrid_Low.uasset" 177
"../../../Engine/Content/EngineMaterials/EmissiveMeshMaterial.uasset" 178
"../../../Engine/Content/EngineMaterials/GizmoMaterial.uasset" 179
"../../../Engine/Content/EngineMaterials/MiniFont.uasset" 180
"../../../Engine/Content/EngineMaterials/InvalidLightmapSettings.uasset" 181
"../../../Engine/Content/EngineMaterials/M_InvalidLightmapSettings.uasset" 182
"../../../Engine/Content/Functions/Engine_MaterialFunctions02/WorldPositionOffset/CameraOffset.uasset" 183
"../../../Engine/Content/EngineMaterials/PhAT_JointLimitMaterial.uasset" 184
"../../../Engine/Content/EngineMaterials/PreintegratedSkinBRDF.uasset" 185
"../../../Engine/Content/EngineMaterials/RemoveSurfaceMaterial.uasset" 186
"../../../Engine/Content/EngineMaterials/WeightMapPlaceholderTexture.uasset" 187
"../../../Engine/Content/EngineResources/WhiteSquareTexture.uasset" 188
"../../../Engine/Content/EngineMaterials/Widget3DPassThrough.uasset" 189
"../../../Engine/Content/EngineMaterials/Widget3DPassThrough_Masked.uasset" 190
"../../../Engine/Content/EngineMaterials/Widget3DPassThrough_Opaque.uasset" 191
"../../../Engine/Content/EngineMaterials/Widget3DPassThrough_Masked_OneSided.uasset" 192
"../../../Engine/Content/EngineMaterials/Widget3DPassThrough_Opaque_OneSided.uasset" 193
"../../../Engine/Content/EngineMaterials/Widget3DPassThrough_Translucent.uasset" 194
"../../../Engine/Content/EngineMaterials/Widget3DPassThrough_Translucent_OneSided.uasset" 195
"../../../Engine/Content/EngineMeshes/Cylinder.uasset" 196
"../../../Engine/Content/EngineMeshes/Sphere.uasset" 197
"../../../Engine/Content/EngineResources/Black.uasset" 198
"../../../Engine/Content/EngineResources/DefaultTextureCube.uasset" 199
"../../../Engine/Content/EngineResources/DefaultVolumeTexture2D.uasset" 200
"../../../Engine/Content/EngineResources/DefaultVolumeTexture.uasset" 201
"../../../Engine/Content/EngineResources/GradientTexture0.uasset" 202
"../../../Engine/Content/EngineSky/VolumetricClouds/T_NoiseShape64.uasset" 203
"../../../Engine/Content/EngineSky/VolumetricClouds/T_VolumeNoiseShape64.uasset" 204
"../../../Engine/Content/EngineSky/VolumetricClouds/T_NoiseErosion.uasset" 205
"../../../Engine/Content/EngineSky/VolumetricClouds/T_VolumeNoiseErosion32.uasset" 206
"../../../Engine/Content/Functions/Engine_MaterialFunctions02/Utility/MakeFloat2.uasset" 207
"../../../Engine/Content/EngineSky/VolumetricClouds/CloudWeatherTexture.uasset" 208
"../../../Engine/Content/EngineSky/VolumetricClouds/CloudGradientTexture.uasset" 209
"../../../Engine/Content/EngineSky/VolumetricClouds/m_SimpleVolumetricCloud.uasset" 210
"../../../Engine/Content/EngineSky/VolumetricClouds/m_SimpleVolumetricCloud_Inst.uasset" 211
"../../../Engine/Content/EngineSounds/Master.uasset" 212
"../../../Engine/Content/Functions/Engine_MaterialFunctions01/Shading/PowerToRoughness.uasset" 213
"../../../Engine/Content/Maps/Templates/Thumbnails/Default.uasset" 214
"../../../Engine/Content/Maps/Templates/Thumbnails/TimeOfDay.uasset" 215
"../../../Engine/Content/Maps/Templates/Thumbnails/VR-Basic.uasset" 216
"../../../Engine/Content/MobileResources/T_MobileControls_texture.uasset" 217
"../../../Engine/Content/MobileResources/T_MobileMenu2.uasset" 218
"../../../Engine/Content/MobileResources/HUD/AnalogHat.uasset" 219
"../../../Engine/Content/MobileResources/HUD/VirtualJoystick_Thumb.uasset" 220
"../../../Engine/Content/MobileResources/HUD/VirtualJoystick_Background.uasset" 221
"../../../Engine/Content/MobileResources/HUD/DefaultVirtualJoysticks.uasset" 222
"../../../Engine/Content/MobileResources/HUD/LeftVirtualJoystickOnly.uasset" 223
"../../../Engine/Content/MobileResources/HUD/MobileHUDButton1_off.uasset" 224
"../../../Engine/Content/MobileResources/HUD/MobileHUDButton1_on.uasset" 225
"../../../Engine/Content/MobileResources/HUD/MobileHUDButton2_off.uasset" 226
"../../../Engine/Content/MobileResources/HUD/MobileHUDButton2_on.uasset" 227
"../../../Engine/Content/MobileResources/HUD/MobileHUDButton3.uasset" 228
"../../../Engine/Content/MobileResources/HUD/MobileHUDButtonFire.uasset" 229
"../../../Engine/Content/MobileResources/HUD/MobileHUDDirectionPad.uasset" 230
"../../../Engine/Content/MobileResources/HUD/MobileHUDDirectionPad2.uasset" 231
"../../../Engine/Content/MobileResources/HUD/MobileHUDDirectionPad3.uasset" 232
"../../../Engine/Content/MobileResources/HUD/MobileHUDDirectionStick.uasset" 233
"../../../Engine/Content/MobileResources/HUD/T_Castle_ThumbstickInner.uasset" 234
"../../../Engine/Content/MobileResources/HUD/T_Castle_ThumbstickOutter.uasset" 235
"../../../Engine/Content/Tutorial/ContentIntroCurve.uasset" 236
"../../../Engine/Content/Tutorial/Basics/LevelEditorAttract.uasset" 237
"../../../Engine/Content/Tutorial/Basics/TutorialAssets/icon_tab_Levels_40x.uasset" 238
"../../../Engine/Content/Tutorial/Basics/LevelEditorOverview.uasset" 239
"../../../Engine/Content/Tutorial/BlueprintTutorials/TutorialAssets/Blueprint_64x.uasset" 240
"../../../Engine/Content/Tutorial/BlueprintTutorials/BlueprintEditorTutorial.uasset" 241
"../../../Engine/Content/VREditor/TransformGizmo/TranslucentTransformGizmoMaterial.uasset" 242
"../../../Engine/Content/VREditor/LaserPointer/VR_LaserPower_01.uasset" 243
"../../../Engine/Content/VREditor/TransformGizmo/TransformGizmoMaterial.uasset" 244
"../../../Engine/Content/VREditor/TransformGizmo/BoundingBoxCorner.uasset" 245
"../../../Engine/Content/VREditor/TransformGizmo/BoundingBoxEdge.uasset" 246
"../../../Engine/Content/VREditor/TransformGizmo/PlaneTranslationHandle.uasset" 247
"../../../Engine/Content/VREditor/TransformGizmo/Xray.uasset" 248
"../../../Engine/Content/VREditor/TransformGizmo/Main.uasset" 249
"../../../Engine/Content/VREditor/TransformGizmo/SM_Sequencer_Key.uasset" 250
"../../../Engine/Content/VREditor/TransformGizmo/SM_Sequencer_Node.uasset" 251
"../../Plugins/2D/Paper2D/Content/PlaceholderTextures/DummySpriteTexture.uasset" 252
"../../Plugins/2D/Paper2D/Content/DummySprite.uasset" 253
"../../Plugins/2D/Paper2D/Content/DefaultPaperTerrainMaterial.uasset" 254
"../../Plugins/2D/Paper2D/Content/DefaultSpriteMaterial.uasset" 255
"../../Plugins/2D/Paper2D/Content/MaskedUnlitSpriteMaterial.uasset" 256
"../../Plugins/2D/Paper2D/Content/OpaqueUnlitSpriteMaterial.uasset" 257
"../../../Engine/Content/Functions/Engine_MaterialFunctions02/ObjectLocalBounds.uasset" 258
"../../../Engine/Content/Functions/Engine_MaterialFunctions02/Utility/BreakOutFloat3Components.uasset" 259
"../../../Engine/Content/Functions/Engine_MaterialFunctions02/SafeNormalize.uasset" 260
"../../Plugins/Editor/SpeedTreeImporter/Content/SpeedTree9/UnpackInteger3.uasset" 261
"../../Plugins/Editor/SpeedTreeImporter/Content/SpeedTree9/UnpackDirection.uasset" 262
"../../Plugins/Editor/SpeedTreeImporter/Content/SpeedTree9/game_wind_noise.uasset" 263
"../../Plugins/Editor/SpeedTreeImporter/Content/SpeedTree9/SpeedTreeWindMotion.uasset" 264
"../../Plugins/Editor/SpeedTreeImporter/Content/SpeedTree9/SpeedTreeBranchMotion.uasset" 265
"../../../Engine/Content/Functions/Engine_MaterialFunctions02/UVs/BoundingBoxBased_0-1_UVW.uasset" 266
"../../Plugins/Editor/SpeedTreeImporter/Content/SpeedTree9/SpeedTreeWind.uasset" 267
"../../Plugins/Editor/SpeedTreeImporter/Content/SpeedTree9/SpeedTreeBillboard.uasset" 268
"../../../Engine/Content/EngineResources/DefaultTexture.uasset" 269
"../../Plugins/Editor/SpeedTreeImporter/Content/SpeedTree9/SpeedTreeBillboardMaster.uasset" 270
"../../Plugins/Editor/SpeedTreeImporter/Content/SpeedTree9/SpeedTreeCameraFacing.uasset" 271
"../../Plugins/Editor/SpeedTreeImporter/Content/SpeedTree9/SpeedTreeMaster.uasset" 272
"../../../Engine/Content/ArtTools/RenderToTexture/Materials/Debug/M_Emissive_Color.uasset" 273
"../../../Engine/Content/BasicShapes/Cylinder.uasset" 274
"../../Plugins/Lumin/MagicLeapPassableWorld/Content/MagicLeapARPinInfoActor.uasset" 275
"../../Plugins/Runtime/WebBrowserWidget/Content/WebTexture_T.uasset" 276
"../../Plugins/Runtime/WebBrowserWidget/Content/WebTexture_M.uasset" 277
"../../Plugins/Runtime/WebBrowserWidget/Content/WebTexture_TM.uasset" 278
"../../../Engine/Content/Functions/Engine_MaterialFunctions02/Utility/MakeFloat3.uasset" 279
"../../../Engine/Content/Functions/Engine_MaterialFunctions02/Utility/BreakOutFloat4Components.uasset" 280
"../../Plugins/Runtime/Oculus/OculusVR/Content/Materials/OculusMR_ChromaKey.uasset" 281
"../../Plugins/Runtime/Oculus/OculusVR/Content/Materials/OculusMR_OpaqueColoredMaterial.uasset" 282
"../../Plugins/Runtime/Oculus/OculusVR/Content/Materials/PokeAHoleMaterial.uasset" 283
"../../../Engine/Content/EditorMeshes/ColorCalibrator/M_GreyBall.uasset" 284
"../../../Engine/Content/EditorMeshes/ColorCalibrator/Color_checker.uasset" 285
"../../../Engine/Content/EditorMeshes/ColorCalibrator/M_ColorGrid.uasset" 286
"../../../Engine/Content/EditorMeshes/ColorCalibrator/M_ClearCoatBlack.uasset" 287
"../../../Engine/Content/EditorMeshes/ColorCalibrator/M_ClearCoat.uasset" 288
"../../../Engine/Content/EditorMeshes/ColorCalibrator/M_ChromeBall.uasset" 289
"../../../Engine/Content/EditorMeshes/ColorCalibrator/SM_ColorCalibrator.uasset" 290
"../../../../../../Data/Projekte/VRBrowser/MatheTiger/Content/StarterContent/Maps/Advanced_Lighting_BuiltData.uasset" 291
"../../../../../../Data/Projekte/VRBrowser/MatheTiger/Content/StarterContent/HDRI/HDRI_Epic_Courtyard_Daylight.uasset" 292
"../../../Engine/Content/MapTemplates/Sky/DaylightAmbientCubemap.uasset" 293
"../../../../../../Data/Projekte/VRBrowser/MatheTiger/Content/StarterContent/Blueprints/Assets/M_LightStage_Skybox_Master.uasset" 294
"../../../../../../Data/Projekte/VRBrowser/MatheTiger/Content/StarterContent/Blueprints/Assets/M_LightStage_Skybox_HDRI.uasset" 295
"../../../../../../Data/Projekte/VRBrowser/MatheTiger/Content/StarterContent/Blueprints/Assets/M_LightStage_Arrows.uasset" 296
"../../../../../../Data/Projekte/VRBrowser/MatheTiger/Content/StarterContent/Blueprints/Assets/SM_Arrows.uasset" 297
"../../../Engine/Content/EditorMaterials/Thumbnails/SkySphereMaterial.uasset" 298
"../../../../../../Data/Projekte/VRBrowser/MatheTiger/Content/StarterContent/Blueprints/Assets/Skybox.uasset" 299
"../../../../../../Data/Projekte/VRBrowser/MatheTiger/Content/StarterContent/Blueprints/Assets/M_LightStage_Skybox_Black.uasset" 300
"../../../../../../Data/Projekte/VRBrowser/MatheTiger/Content/StarterContent/Blueprints/Assets/SunlightColorLUT.uasset" 301
"../../../../../../Data/Projekte/VRBrowser/MatheTiger/Content/StarterContent/Blueprints/Assets/FogBrightnessLUT.uasset" 302
"../../../../../../Data/Projekte/VRBrowser/MatheTiger/Content/StarterContent/Blueprints/BP_LightStudio.uasset" 303
"../../../../../../Data/Projekte/VRBrowser/MatheTiger/Content/StarterContent/Materials/M_AssetPlatform.uasset" 304
"../../../../../../Data/Projekte/VRBrowser/MatheTiger/Content/StarterContent/Architecture/SM_AssetPlatform.uasset" 305
"../../../../../../Data/Projekte/VRBrowser/MatheTiger/Content/StarterContent/Maps/Advanced_Lighting.umap" 306
"../../../../../../Data/Projekte/VRBrowser/MatheTiger/Content/StarterContent/Textures/T_TableRound_N.uasset" 307
"../../../../../../Data/Projekte/VRBrowser/MatheTiger/Content/StarterContent/Textures/T_TableRound_M.uasset" 308
"../../../../../../Data/Projekte/VRBrowser/MatheTiger/Content/StarterContent/Props/Materials/M_TableRound.uasset" 309
"../../../../../../Data/Projekte/VRBrowser/MatheTiger/Content/StarterContent/Props/SM_TableRound.uasset" 310
"../../../../../../Data/Projekte/VRBrowser/MatheTiger/Content/StarterContent/Textures/T_Statue_N.uasset" 311
"../../../../../../Data/Projekte/VRBrowser/MatheTiger/Content/StarterContent/Textures/T_Statue_M.uasset" 312
"../../../../../../Data/Projekte/VRBrowser/MatheTiger/Content/StarterContent/Props/Materials/M_Statue.uasset" 313
"../../../../../../Data/Projekte/VRBrowser/MatheTiger/Content/StarterContent/Props/Materials/M_StatueGlass.uasset" 314
"../../../../../../Data/Projekte/VRBrowser/MatheTiger/Content/StarterContent/Props/SM_Statue.uasset" 315
"../../../../../../Data/Projekte/VRBrowser/MatheTiger/Content/StarterContent/Props/SM_Chair.uasset" 316
"../../../../../../Data/Projekte/VRBrowser/MatheTiger/Content/StarterContent/Textures/T_Metal_Copper_D.uasset" 317
"../../../../../../Data/Projekte/VRBrowser/MatheTiger/Content/StarterContent/Textures/T_Metal_Gold_N.uasset" 318
"../../../../../../Data/Projekte/VRBrowser/MatheTiger/Content/StarterContent/Materials/M_Metal_Copper.uasset" 319
"../../../../../../Data/Projekte/VRBrowser/MatheTiger/Content/StarterContent/Textures/T_Metal_Aluminum_D.uasset" 320
"../../../../../../Data/Projekte/VRBrowser/MatheTiger/Content/StarterContent/Materials/M_Metal_Burnished_Steel.uasset" 321
"../../../../../../Data/Projekte/VRBrowser/MatheTiger/Content/StarterContent/Materials/M_Metal_Brushed_Nickel.uasset" 322
"../../../Engine/Content/EngineSky/T_Sky_Stars.uasset" 323
"../../../Engine/Content/EngineSky/T_Sky_Clouds_M.uasset" 324
"../../../Engine/Content/EngineSky/T_Sky_Blue.uasset" 325
"../../../Engine/Content/EngineSky/M_Sky_Panning_Clouds2.uasset" 326
"../../../../../../Data/Projekte/VRBrowser/MatheTiger/Content/StarterContent/Maps/Minimal_Default_BuiltData.uasset" 327
"../../../Engine/Content/EditorBlueprintResources/StandardMacros.uasset" 328
"../../../Engine/Content/EngineSky/SM_SkySphere.uasset" 329
"../../../Engine/Content/EngineSky/C_Sky_Zenith_Color.uasset" 330
"../../../Engine/Content/EngineSky/C_Sky_Horizon_Color.uasset" 331
"../../../Engine/Content/EngineSky/C_Sky_Cloud_Color.uasset" 332
"../../../Engine/Content/EngineSky/BP_Sky_Sphere.uasset" 333
"../../../../../../Data/Projekte/VRBrowser/MatheTiger/Content/StarterContent/Audio/Starter_Background_Cue.uasset" 334
"../../../../../../Data/Projekte/VRBrowser/MatheTiger/Content/StarterContent/Architecture/Floor_400x400.uasset" 335
"../../../../../../Data/Projekte/VRBrowser/MatheTiger/Content/StarterContent/Maps/Minimal_Default.umap" 336
"../../../../../../Data/Projekte/VRBrowser/MatheTiger/Content/StarterContent/Shapes/Shape_Sphere.uasset" 337
"../../../../../../Data/Projekte/VRBrowser/MatheTiger/Content/StarterContent/Shapes/Shape_QuadPyramid.uasset" 338
"../../../../../../Data/Projekte/VRBrowser/MatheTiger/Content/StarterContent/Shapes/Shape_Cube.uasset" 339
"../../../../../../Data/Projekte/VRBrowser/MatheTiger/Content/StarterContent/Textures/T_Frame_N.uasset" 340
"../../../../../../Data/Projekte/VRBrowser/MatheTiger/Content/StarterContent/Textures/T_Frame_M.uasset" 341
"../../../../../../Data/Projekte/VRBrowser/MatheTiger/Content/StarterContent/Props/Materials/M_Frame.uasset" 342
"../../../../../../Data/Projekte/VRBrowser/MatheTiger/Content/StarterContent/Props/SM_WindowFrame.uasset" 343
"../../../../../../Data/Projekte/VRBrowser/MatheTiger/Content/StarterContent/Props/SM_PillarFrame300.uasset" 344
"../../../../../../Data/Projekte/VRBrowser/MatheTiger/Content/StarterContent/Props/SM_PillarFrame.uasset" 345
"../../../../../../Data/Projekte/VRBrowser/MatheTiger/Content/StarterContent/Props/SM_GlassWindow.uasset" 346
"../../../../../../Data/Projekte/VRBrowser/MatheTiger/Content/StarterContent/Props/SM_DoorFrame.uasset" 347
"../../../../../../Data/Projekte/VRBrowser/MatheTiger/Content/StarterContent/Props/SM_CornerFrame.uasset" 348
"../../../../../../Data/Projekte/VRBrowser/MatheTiger/Content/StarterContent/Props/MaterialSphere.uasset" 349
"../../../../../../Data/Projekte/VRBrowser/MatheTiger/Content/StarterContent/Textures/T_Dust_Particle_D.uasset" 350
"../../../../../../Data/Projekte/VRBrowser/MatheTiger/Content/StarterContent/Particles/Materials/M_Dust_Particle.uasset" 351
"../../../../../../Data/Projekte/VRBrowser/MatheTiger/Content/StarterContent/Particles/P_Ambient_Dust.uasset" 352
"../../../../../../Data/Projekte/VRBrowser/MatheTiger/Content/StarterContent/Textures/T_Wood_Walnut_N.uasset" 353
"../../../../../../Data/Projekte/VRBrowser/MatheTiger/Content/StarterContent/Textures/T_Wood_Walnut_D.uasset" 354
"../../../../../../Data/Projekte/VRBrowser/MatheTiger/Content/StarterContent/Materials/M_Wood_Walnut.uasset" 355
"../../../../../../Data/Projekte/VRBrowser/MatheTiger/Content/StarterContent/Textures/T_Wood_Pine_N.uasset" 356
"../../../../../../Data/Projekte/VRBrowser/MatheTiger/Content/StarterContent/Textures/T_Wood_Pine_D.uasset" 357
"../../../../../../Data/Projekte/VRBrowser/MatheTiger/Content/StarterContent/Materials/M_Wood_Pine.uasset" 358
"../../../../../../Data/Projekte/VRBrowser/MatheTiger/Content/StarterContent/Textures/T_Wood_Oak_N.uasset" 359
"../../../../../../Data/Projekte/VRBrowser/MatheTiger/Content/StarterContent/Textures/T_Wood_Oak_D.uasset" 360
"../../../../../../Data/Projekte/VRBrowser/MatheTiger/Content/StarterContent/Materials/M_Wood_Oak.uasset" 361
"../../../Engine/Content/Functions/Engine_MaterialFunctions01/Opacity/AlphaOffset.uasset" 362
"../../../../../../Data/Projekte/VRBrowser/MatheTiger/Content/StarterContent/Textures/T_Wood_Floor_Walnut_N.uasset" 363
"../../../../../../Data/Projekte/VRBrowser/MatheTiger/Content/StarterContent/Textures/T_Wood_Floor_Walnut_M.uasset" 364
"../../../../../../Data/Projekte/VRBrowser/MatheTiger/Content/StarterContent/Textures/T_Wood_Floor_Walnut_D.uasset" 365
"../../../../../../Data/Projekte/VRBrowser/MatheTiger/Content/StarterContent/Materials/M_Wood_Floor_Walnut_Worn.uasset" 366
"../../../../../../Data/Projekte/VRBrowser/MatheTiger/Content/StarterContent/Materials/M_Wood_Floor_Walnut_Polished.uasset" 367
"../../../../../../Data/Projekte/VRBrowser/MatheTiger/Content/StarterContent/Textures/T_Water_M.uasset" 368
"../../../../../../Data/Projekte/VRBrowser/MatheTiger/Content/StarterContent/Textures/T_Water_N.uasset" 369
"../../../../../../Data/Projekte/VRBrowser/MatheTiger/Content/StarterContent/Materials/M_Water_Ocean.uasset" 370
"../../../../../../Data/Projekte/VRBrowser/MatheTiger/Content/StarterContent/Materials/M_Water_Lake.uasset" 371
"../../../../../../Data/Projekte/VRBrowser/MatheTiger/Content/StarterContent/Textures/T_Tech_Panel_N.uasset" 372
"../../../../../../Data/Projekte/VRBrowser/MatheTiger/Content/StarterContent/Textures/T_Tech_Panel_M.uasset" 373
"../../../../../../Data/Projekte/VRBrowser/MatheTiger/Content/StarterContent/Textures/T_Metal_Steel_D.uasset" 374
"../../../../../../Data/Projekte/VRBrowser/MatheTiger/Content/StarterContent/Materials/M_Tech_Panel.uasset" 375
"../../../../../../Data/Projekte/VRBrowser/MatheTiger/Content/StarterContent/Textures/T_Tech_Hex_Tile_N.uasset" 376
"../../../../../../Data/Projekte/VRBrowser/MatheTiger/Content/StarterContent/Textures/T_Tech_Hex_Tile_M.uasset" 377
"../../../../../../Data/Projekte/VRBrowser/MatheTiger/Content/StarterContent/Materials/M_Tech_Hex_Tile_Pulse.uasset" 378
"../../../../../../Data/Projekte/VRBrowser/MatheTiger/Content/StarterContent/Materials/M_Tech_Hex_Tile.uasset" 379
"../../../../../../Data/Projekte/VRBrowser/MatheTiger/Content/StarterContent/Textures/T_Tech_Dot_N.uasset" 380
"../../../../../../Data/Projekte/VRBrowser/MatheTiger/Content/StarterContent/Textures/T_Tech_Dot_M.uasset" 381
"../../../../../../Data/Projekte/VRBrowser/MatheTiger/Content/StarterContent/Textures/T_Single_Tile_N.uasset" 382
"../../../../../../Data/Projekte/VRBrowser/MatheTiger/Content/StarterContent/Textures/T_Checker_Noise_M.uasset" 383
"../../../../../../Data/Projekte/VRBrowser/MatheTiger/Content/StarterContent/Materials/M_Tech_Checker_Dot.uasset" 384
"../../../../../../Data/Projekte/VRBrowser/MatheTiger/Content/StarterContent/Textures/T_Rock_Sandstone_N.uasset" 385
"../../../../../../Data/Projekte/VRBrowser/MatheTiger/Content/StarterContent/Textures/T_Rock_Sandstone_D.uasset" 386
"../../../../../../Data/Projekte/VRBrowser/MatheTiger/Content/StarterContent/Materials/M_Rock_Sandstone.uasset" 387
"../../../../../../Data/Projekte/VRBrowser/MatheTiger/Content/StarterContent/Textures/T_Rock_Marble_Polished_D.uasset" 388
"../../../../../../Data/Projekte/VRBrowser/MatheTiger/Content/StarterContent/Materials/M_Rock_Marble_Polished.uasset" 389
"../../../../../../Data/Projekte/VRBrowser/MatheTiger/Content/StarterContent/Textures/T_Rock_Basalt_N.uasset" 390
"../../../../../../Data/Projekte/VRBrowser/MatheTiger/Content/StarterContent/Materials/M_Rock_Basalt.uasset" 391
"../../../../../../Data/Projekte/VRBrowser/MatheTiger/Content/StarterContent/Textures/T_Metal_Steel_N.uasset" 392
"../../../../../../Data/Projekte/VRBrowser/MatheTiger/Content/StarterContent/Materials/M_Metal_Steel.uasset" 393
"../../../../../../Data/Projekte/VRBrowser/MatheTiger/Content/StarterContent/Textures/T_Metal_Rust_D.uasset" 394
"../../../../../../Data/Projekte/VRBrowser/MatheTiger/Content/StarterContent/Textures/T_Metal_Rust_N.uasset" 395
"../../../../../../Data/Projekte/VRBrowser/MatheTiger/Content/StarterContent/Materials/M_Metal_Rust.uasset" 396
"../../../../../../Data/Projekte/VRBrowser/MatheTiger/Content/StarterContent/Textures/T_Metal_Gold_D.uasset" 397
"../../../../../../Data/Projekte/VRBrowser/MatheTiger/Content/StarterContent/Materials/M_Metal_Gold.uasset" 398
"../../../../../../Data/Projekte/VRBrowser/MatheTiger/Content/StarterContent/Materials/M_Metal_Chrome.uasset" 399
"../../../../../../Data/Projekte/VRBrowser/MatheTiger/Content/StarterContent/Textures/T_Ground_Moss_N.uasset" 400
"../../../../../../Data/Projekte/VRBrowser/MatheTiger/Content/StarterContent/Textures/T_ground_Moss_D.uasset" 401
"../../../../../../Data/Projekte/VRBrowser/MatheTiger/Content/StarterContent/Materials/M_Ground_Moss.uasset" 402
"../../../../../../Data/Projekte/VRBrowser/MatheTiger/Content/StarterContent/Textures/T_Ground_Gravel_N.uasset" 403
"../../../../../../Data/Projekte/VRBrowser/MatheTiger/Content/StarterContent/Textures/T_Ground_Gravel_D.uasset" 404
"../../../../../../Data/Projekte/VRBrowser/MatheTiger/Content/StarterContent/Materials/M_Ground_Gravel.uasset" 405
"../../../../../../Data/Projekte/VRBrowser/MatheTiger/Content/StarterContent/Textures/T_Ground_Grass_N.uasset" 406
"../../../../../../Data/Projekte/VRBrowser/MatheTiger/Content/StarterContent/Textures/T_Ground_Grass_D.uasset" 407
"../../../../../../Data/Projekte/VRBrowser/MatheTiger/Content/StarterContent/Materials/M_Ground_Grass.uasset" 408
"../../../../../../Data/Projekte/VRBrowser/MatheTiger/Content/StarterContent/Textures/T_Concrete_Tiles_Variation_M.uasset" 409
"../../../../../../Data/Projekte/VRBrowser/MatheTiger/Content/StarterContent/Textures/T_Concrete_Tiles_N.uasset" 410
"../../../../../../Data/Projekte/VRBrowser/MatheTiger/Content/StarterContent/Textures/T_Concrete_Tiles_M.uasset" 411
"../../../../../../Data/Projekte/VRBrowser/MatheTiger/Content/StarterContent/Textures/T_Concrete_Tiles_D.uasset" 412
"../../../../../../Data/Projekte/VRBrowser/MatheTiger/Content/StarterContent/Materials/M_Concrete_Tiles.uasset" 413
"../../../../../../Data/Projekte/VRBrowser/MatheTiger/Content/StarterContent/Textures/T_Concrete_Panels_N.uasset" 414
"../../../../../../Data/Projekte/VRBrowser/MatheTiger/Content/StarterContent/Textures/T_Concrete_Panels_D.uasset" 415
"../../../../../../Data/Projekte/VRBrowser/MatheTiger/Content/StarterContent/Materials/M_Concrete_Panels.uasset" 416
"../../../../../../Data/Projekte/VRBrowser/MatheTiger/Content/StarterContent/Textures/T_Concrete_Grime_D.uasset" 417
"../../../../../../Data/Projekte/VRBrowser/MatheTiger/Content/StarterContent/Materials/M_Concrete_Grime.uasset" 418
"../../../../../../Data/Projekte/VRBrowser/MatheTiger/Content/StarterContent/Textures/T_CobbleStone_Smooth_N.uasset" 419
"../../../../../../Data/Projekte/VRBrowser/MatheTiger/Content/StarterContent/Textures/T_CobbleStone_Smooth_M.uasset" 420
"../../../../../../Data/Projekte/VRBrowser/MatheTiger/Content/StarterContent/Textures/T_CobbleStone_Smooth_D.uasset" 421
"../../../../../../Data/Projekte/VRBrowser/MatheTiger/Content/StarterContent/Textures/T_Rock_Smooth_Granite_D.uasset" 422
"../../../../../../Data/Projekte/VRBrowser/MatheTiger/Content/StarterContent/Textures/T_Gradinet_01.uasset" 423
"../../../../../../Data/Projekte/VRBrowser/MatheTiger/Content/StarterContent/Materials/M_CobbleStone_Smooth.uasset" 424
"../../../../../../Data/Projekte/VRBrowser/MatheTiger/Content/StarterContent/Textures/T_CobbleStone_Rough_N.uasset" 425
"../../../../../../Data/Projekte/VRBrowser/MatheTiger/Content/StarterContent/Textures/T_CobbleStone_Rough_D.uasset" 426
"../../../../../../Data/Projekte/VRBrowser/MatheTiger/Content/StarterContent/Materials/M_CobbleStone_Rough.uasset" 427
"../../../../../../Data/Projekte/VRBrowser/MatheTiger/Content/StarterContent/Textures/T_CobbleStone_Pebble_N.uasset" 428
"../../../../../../Data/Projekte/VRBrowser/MatheTiger/Content/StarterContent/Textures/T_CobbleStone_Pebble_M.uasset" 429
"../../../../../../Data/Projekte/VRBrowser/MatheTiger/Content/StarterContent/Textures/T_CobbleStone_Pebble_D.uasset" 430
"../../../../../../Data/Projekte/VRBrowser/MatheTiger/Content/StarterContent/Materials/M_CobbleStone_Pebble.uasset" 431
"../../../../../../Data/Projekte/VRBrowser/MatheTiger/Content/StarterContent/Textures/T_Ceramic_Tile_N.uasset" 432
"../../../../../../Data/Projekte/VRBrowser/MatheTiger/Content/StarterContent/Textures/T_Ceramic_Tile_M.uasset" 433
"../../../../../../Data/Projekte/VRBrowser/MatheTiger/Content/StarterContent/Materials/M_Ceramic_Tile_Checker.uasset" 434
"../../../../../../Data/Projekte/VRBrowser/MatheTiger/Content/StarterContent/Textures/T_Brick_Hewn_Stone_N.uasset" 435
"../../../../../../Data/Projekte/VRBrowser/MatheTiger/Content/StarterContent/Textures/T_Brick_Hewn_Stone_M.uasset" 436
"../../../../../../Data/Projekte/VRBrowser/MatheTiger/Content/StarterContent/Textures/T_Brick_Hewn_Stone_D.uasset" 437
"../../../../../../Data/Projekte/VRBrowser/MatheTiger/Content/StarterContent/Materials/M_Brick_Hewn_Stone.uasset" 438
"../../../../../../Data/Projekte/VRBrowser/MatheTiger/Content/StarterContent/Textures/T_Brick_Cut_Stone_N.uasset" 439
"../../../../../../Data/Projekte/VRBrowser/MatheTiger/Content/StarterContent/Textures/T_Brick_Cut_Stone_D.uasset" 440
"../../../../../../Data/Projekte/VRBrowser/MatheTiger/Content/StarterContent/Materials/M_Brick_Cut_Stone.uasset" 441
"../../../../../../Data/Projekte/VRBrowser/MatheTiger/Content/StarterContent/Textures/T_Brick_Clay_Old_N.uasset" 442
"../../../../../../Data/Projekte/VRBrowser/MatheTiger/Content/StarterContent/Textures/T_Brick_Clay_Old_D.uasset" 443
"../../../../../../Data/Projekte/VRBrowser/MatheTiger/Content/StarterContent/Materials/M_Brick_Clay_Old.uasset" 444
"../../../../../../Data/Projekte/VRBrowser/MatheTiger/Content/StarterContent/Textures/T_Brick_Clay_New_N.uasset" 445
"../../../../../../Data/Projekte/VRBrowser/MatheTiger/Content/StarterContent/Textures/T_Brick_Clay_New_M.uasset" 446
"../../../../../../Data/Projekte/VRBrowser/MatheTiger/Content/StarterContent/Textures/T_Brick_Clay_New_D.uasset" 447
"../../../../../../Data/Projekte/VRBrowser/MatheTiger/Content/StarterContent/Materials/M_Brick_Clay_New.uasset" 448
"../../../../../../Data/Projekte/VRBrowser/MatheTiger/Content/StarterContent/Textures/T_Brick_Clay_Beveled_N.uasset" 449
"../../../../../../Data/Projekte/VRBrowser/MatheTiger/Content/StarterContent/Textures/T_Brick_Clay_Beveled_M.uasset" 450
"../../../../../../Data/Projekte/VRBrowser/MatheTiger/Content/StarterContent/Textures/T_Brick_Clay_Beveled_D.uasset" 451
"../../../../../../Data/Projekte/VRBrowser/MatheTiger/Content/StarterContent/Materials/M_Brick_Clay_Beveled.uasset" 452
"../../../Engine/Content/Functions/Engine_MaterialFunctions03/Procedurals/ComputeFilterWidth.uasset" 453
"../../../Engine/Content/EngineMaterials/AntiAliasedTextMaterialTranslucent.uasset" 454
"../../../../../../Data/Projekte/VRBrowser/MatheTiger/Content/StarterContent/Maps/StarterMap_BuiltData.uasset" 455
"../../../../../../Data/Projekte/VRBrowser/MatheTiger/Content/StarterContent/Textures/T_Concrete_Poured_N.uasset" 456
"../../../../../../Data/Projekte/VRBrowser/MatheTiger/Content/StarterContent/Textures/T_Concrete_Poured_D.uasset" 457
"../../../../../../Data/Projekte/VRBrowser/MatheTiger/Content/StarterContent/Materials/M_Concrete_Poured.uasset" 458
"../../../../../../Data/Projekte/VRBrowser/MatheTiger/Content/StarterContent/Textures/T_Lamp_N.uasset" 459
"../../../../../../Data/Projekte/VRBrowser/MatheTiger/Content/StarterContent/Textures/T_Lamp_M.uasset" 460
"../../../../../../Data/Projekte/VRBrowser/MatheTiger/Content/StarterContent/Props/Materials/M_Lamp.uasset" 461
"../../../../../../Data/Projekte/VRBrowser/MatheTiger/Content/StarterContent/Props/SM_Lamp_Wall.uasset" 462
"../../../../../../Data/Projekte/VRBrowser/MatheTiger/Content/StarterContent/Blueprints/Blueprint_WallSconce.uasset" 463
"../../../../../../Data/Projekte/VRBrowser/MatheTiger/Content/StarterContent/Particles/P_Steam_Lit.uasset" 464
"../../../../../../Data/Projekte/VRBrowser/MatheTiger/Content/StarterContent/Audio/Steam01_Cue.uasset" 465
"../../../../../../Data/Projekte/VRBrowser/MatheTiger/Content/StarterContent/Blueprints/Blueprint_Effect_Steam.uasset" 466
"../../../../../../Data/Projekte/VRBrowser/MatheTiger/Content/StarterContent/Textures/T_Spark_Core.uasset" 467
"../../../../../../Data/Projekte/VRBrowser/MatheTiger/Content/StarterContent/Particles/Materials/M_Spark.uasset" 468
"../../../../../../Data/Projekte/VRBrowser/MatheTiger/Content/StarterContent/Particles/Materials/M_Radial_Gradient.uasset" 469
"../../../../../../Data/Projekte/VRBrowser/MatheTiger/Content/StarterContent/Particles/P_Sparks.uasset" 470
"../../../../../../Data/Projekte/VRBrowser/MatheTiger/Content/StarterContent/Audio/Fire_Sparks01_Cue.uasset" 471
"../../../../../../Data/Projekte/VRBrowser/MatheTiger/Content/StarterContent/Blueprints/Blueprint_Effect_Sparks.uasset" 472
"../../../../../../Data/Projekte/VRBrowser/MatheTiger/Content/StarterContent/Particles/P_Smoke.uasset" 473
"../../../../../../Data/Projekte/VRBrowser/MatheTiger/Content/StarterContent/Audio/Smoke01_Cue.uasset" 474
"../../../../../../Data/Projekte/VRBrowser/MatheTiger/Content/StarterContent/Blueprints/Blueprint_Effect_Smoke.uasset" 475
"../../../../../../Data/Projekte/VRBrowser/MatheTiger/Content/StarterContent/Particles/Materials/M_Heat_Distortion.uasset" 476
"../../../../../../Data/Projekte/VRBrowser/MatheTiger/Content/StarterContent/Textures/T_Fire_Tiled_D.uasset" 477
"../../../../../../Data/Projekte/VRBrowser/MatheTiger/Content/StarterContent/Textures/T_Fire_SubUV.uasset" 478
"../../../../../../Data/Projekte/VRBrowser/MatheTiger/Content/StarterContent/Particles/Materials/M_Fire_SubUV.uasset" 479
"../../../../../../Data/Projekte/VRBrowser/MatheTiger/Content/StarterContent/Particles/P_Fire.uasset" 480
"../../../../../../Data/Projekte/VRBrowser/MatheTiger/Content/StarterContent/Audio/Fire01_Cue.uasset" 481
"../../../../../../Data/Projekte/VRBrowser/MatheTiger/Content/StarterContent/Blueprints/Blueprint_Effect_Fire.uasset" 482
"../../../../../../Data/Projekte/VRBrowser/MatheTiger/Content/StarterContent/Props/SM_Lamp_Ceiling.uasset" 483
"../../../../../../Data/Projekte/VRBrowser/MatheTiger/Content/StarterContent/Blueprints/Blueprint_CeilingLight.uasset" 484
"../../../../../../Data/Projekte/VRBrowser/MatheTiger/Content/StarterContent/Audio/Starter_Music_Cue.uasset" 485
"../../../../../../Data/Projekte/VRBrowser/MatheTiger/Content/StarterContent/Audio/Collapse_Cue.uasset" 486
"../../../../../../Data/Projekte/VRBrowser/MatheTiger/Content/StarterContent/Architecture/Wall_Window_400x300.uasset" 487
"../../../../../../Data/Projekte/VRBrowser/MatheTiger/Content/StarterContent/Architecture/Wall_Door_400x300.uasset" 488
"../../../../../../Data/Projekte/VRBrowser/MatheTiger/Content/StarterContent/Architecture/Wall_400x200.uasset" 489
"../../../../../../Data/Projekte/VRBrowser/MatheTiger/Content/StarterContent/Maps/StarterMap.umap" 490
"../../../../../../Data/Projekte/VRBrowser/MatheTiger/Content/VirtualRealityBP/Maps/HMDLocomotionMap_BuiltData.uasset" 491
"../../../../../../Data/Projekte/VRBrowser/MatheTiger/Content/VirtualRealityBP/Blueprints/HMDLocomotionPawn.uasset" 492
"../../../../../../Data/Projekte/VRBrowser/MatheTiger/Content/VirtualReality/Materials/M_BaseMaterial.uasset" 493
"../../../../../../Data/Projekte/VRBrowser/MatheTiger/Content/VirtualReality/Materials/MI_BaseMaterial3.uasset" 494
"../../../../../../Data/Projekte/VRBrowser/MatheTiger/Content/VirtualReality/Materials/MI_BaseMaterial2.uasset" 495
"../../../../../../Data/Projekte/VRBrowser/MatheTiger/Content/IngameBrowser/WebBrowser.uasset" 496
"../../../../../../Data/Projekte/VRBrowser/MatheTiger/Content/IngameBrowser/BrowserMonitor.uasset" 497
"../../../../../../Data/Projekte/VRBrowser/MatheTiger/Content/VirtualRealityBP/Maps/HMDLocomotionMap.umap" 498
"../../../../../../Data/Projekte/VRBrowser/MatheTiger/Content/VirtualRealityBP/Maps/MotionControllerMap_BuiltData.uasset" 499
"../../../Engine/Content/BasicShapes/Sphere.uasset" 500
"../../../../../../Data/Projekte/VRBrowser/MatheTiger/Content/VirtualRealityBP/Blueprints/MotionControllerHaptics.uasset" 501
"../../../../../../Data/Projekte/VRBrowser/MatheTiger/Content/VirtualRealityBP/Blueprints/PickupActorInterface.uasset" 502
"../../../../../../Data/Projekte/VRBrowser/MatheTiger/Content/VirtualReality/Meshes/SM_FatCylinder.uasset" 503
"../../../../../../Data/Projekte/VRBrowser/MatheTiger/Content/VirtualReality/Meshes/BeamMesh.uasset" 504
"../../../../../../Data/Projekte/VRBrowser/MatheTiger/Content/VirtualReality/Meshes/BeaconDirection.uasset" 505
"../../../../../../Data/Projekte/VRBrowser/MatheTiger/Content/VirtualReality/Meshes/1x1_cube.uasset" 506
"../../../Engine/Content/EngineMaterials/Good64x64TilingNoiseHighFreq.uasset" 507
"../../../../../../Data/Projekte/VRBrowser/MatheTiger/Content/VirtualReality/Materials/TeleportMCP.uasset" 508
"../../../Engine/Content/Functions/Engine_MaterialFunctions02/ScreenResolution.uasset" 509
"../../../Engine/Content/Functions/Engine_MaterialFunctions01/Texturing/ScaleUVsByCenter.uasset" 510
"../../../Engine/Content/Functions/Engine_MaterialFunctions02/Texturing/ScreenAlignedUVs.uasset" 511
"../../../Engine/Content/Functions/Engine_MaterialFunctions02/Utility/DepthFromWorldPosition.uasset" 512
"../../../../../../Data/Projekte/VRBrowser/MatheTiger/Content/VirtualReality/Materials/MF_OccludedPixels.uasset" 513
"../../../../../../Data/Projekte/VRBrowser/MatheTiger/Content/VirtualReality/Materials/M_SplineArcMat.uasset" 514
"../../../../../../Data/Projekte/VRBrowser/MatheTiger/Content/VirtualReality/Materials/M_ArcEndpoint.uasset" 515
"../../../../../../Data/Projekte/VRBrowser/MatheTiger/Content/VirtualReality/Materials/M_TeleportPreviews.uasset" 516
"../../../../../../Data/Projekte/VRBrowser/MatheTiger/Content/VirtualReality/Materials/MI_TeleportCylinderPreview.uasset" 517
"../../../../../../Data/Projekte/VRBrowser/MatheTiger/Content/VirtualReality/Materials/MI_ChaperoneOutline.uasset" 518
"../../../../../../Data/Projekte/VRBrowser/MatheTiger/Content/VirtualReality/Mannequin/Character/Mesh/MannequinHand_Right_PhysicsAsset.uasset" 519
"../../../../../../Data/Projekte/VRBrowser/MatheTiger/Content/VirtualReality/Mannequin/Character/Textures/UE4_Mannequin_MAT_MASKA.uasset" 520
"../../../../../../Data/Projekte/VRBrowser/MatheTiger/Content/VirtualReality/Mannequin/Character/Textures/UE4_Mannequin__normals.uasset" 521
"../../../../../../Data/Projekte/VRBrowser/MatheTiger/Content/VirtualReality/Mannequin/Character/Materials/M_HandMat.uasset" 522
"../../../../../../Data/Projekte/VRBrowser/MatheTiger/Content/VirtualReality/Mannequin/Character/Mesh/MannequinHand_Right_Skeleton.uasset" 523
"../../../../../../Data/Projekte/VRBrowser/MatheTiger/Content/VirtualReality/Mannequin/Character/Mesh/MannequinHand_Right.uasset" 524
"../../../../../../Data/Projekte/VRBrowser/MatheTiger/Content/VirtualRealityBP/Blueprints/GripEnum.uasset" 525
"../../../../../../Data/Projekte/VRBrowser/MatheTiger/Content/VirtualReality/Mannequin/Animations/MannequinHand_Right_Open.uasset" 526
"../../../../../../Data/Projekte/VRBrowser/MatheTiger/Content/VirtualReality/Mannequin/Animations/MannequinHand_Right_Grab.uasset" 527
"../../../../../../Data/Projekte/VRBrowser/MatheTiger/Content/VirtualReality/Mannequin/Animations/MannequinHand_Right_CanGrab.uasset" 528
"../../../../../../Data/Projekte/VRBrowser/MatheTiger/Content/VirtualReality/Mannequin/Animations/RightGrip_BS.uasset" 529
"../../../../../../Data/Projekte/VRBrowser/MatheTiger/Content/VirtualReality/Mannequin/Animations/RightHand_AnimBP.uasset" 530
"../../../../../../Data/Projekte/VRBrowser/MatheTiger/Content/VirtualRealityBP/Blueprints/BP_MotionController.uasset" 531
"../../../../../../Data/Projekte/VRBrowser/MatheTiger/Content/VirtualRealityBP/Blueprints/MotionControllerPawn.uasset" 532
"../../../../../../Data/Projekte/VRBrowser/MatheTiger/Content/VirtualReality/Materials/MI_SmallCubes.uasset" 533
"../../../../../../Data/Projekte/VRBrowser/MatheTiger/Content/Geometry/Meshes/1M_Cube.uasset" 534
"../../../../../../Data/Projekte/VRBrowser/MatheTiger/Content/VirtualRealityBP/Blueprints/BP_PickupCube.uasset" 535
"../../../../../../Data/Projekte/VRBrowser/MatheTiger/Content/VirtualRealityBP/Maps/MotionControllerMap.umap" 536
"../../../../../../Data/Projekte/VRBrowser/MatheTiger/Content/VirtualRealityBP/Maps/StartupMap_BuiltData.uasset" 537
"../../../../../../Data/Projekte/VRBrowser/MatheTiger/Content/VirtualReality/Materials/GenericHMDMaterial.uasset" 538
"../../../../../../Data/Projekte/VRBrowser/MatheTiger/Content/VirtualReality/Meshes/GenericHMD.uasset" 539
"../../../../../../Data/Projekte/VRBrowser/MatheTiger/Content/VirtualRealityBP/Maps/StartupMap.umap" 540
"../../../Engine/Content/Maps/Entry_BuiltData.uasset" 541
"../../../Engine/Content/Maps/Entry.umap" 542
